********************************************************************************
PACKAGE-LOG: 2015-08-20 04:16:06
NOTICE: Do NOT post to public sites or forums 
********************************************************************************
VERSION:	0.5.28
WORDPRESS:	4.2.4
PHP INFO:	5.6.10 | SAPI: apache2handler
SERVER:		Apache/2.2.29 (Unix) mod_wsgi/3.4 Python/2.7.8 PHP/5.6.10 mod_ssl/2.2.29 OpenSSL/0.9.8zf DAV/2 mod_fastcgi/2.4.6 mod_perl/2.0.8 Perl/v5.20.0 
PHP TIME LIMIT: (0) no time limit imposed 
PHP MAX MEMORY: 5000M (128M default) 
MEMORY STACK: 17.75MB 

********************************************************************************
DATABASE:
********************************************************************************
BUILD MODE:   PHP (query limit - 100)
MYSQLDUMP:    Not Supported
MYSQLTIMEOUT: 5000 
TABLES: total:12 | filtered:0 | create:12 
FILTERED: [] 
SQL CREATED: peakworthy_55d5541d5941c2193150820041421_database.sql 
SQL FILE SIZE: 701.63KB 
SQL FILE TIME: 2015-08-20 04:16:06 
SQL RUNTIME: 0.05 sec. 

******************************************************************************** 
ARCHIVE (ZIP): 
******************************************************************************** 
ARCHIVE DIR:  /Users/ThePad/Documents/Sites 
ARCHIVE FILE: peakworthy_55d5541d5941c2193150820041421_archive.zip 
FILTERS: *OFF* 
DIRS:  not set 
EXTS:  not set 
---------------------------------------- 
COMPRESSING 
SIZE:	25.14MB 
STATS:	Dirs 173 | Files 1,422 
SQL ADDED: peakworthy_55d5541d5941c2193150820041421_database.sql 
ZipArchive Object
(
    [status] => 0
    [statusSys] => 0
    [numFiles] => 1595
    [filename] => /Users/ThePad/Documents/Sites/wp-snapshots/tmp/peakworthy_55d5541d5941c2193150820041421_archive.zip
    [comment] => 
)
 
COMPRESSION RESULT: '1' 
COMPRESSED SIZE: 12.33MB 
ARCHIVE RUNTIME: 3.63 sec. 
MEMORY STACK: 18.75MB 

******************************************************************************** 
MAKE INSTALLER: 
******************************************************************************** 
Build Start 
Build Finished 
Preping for use 
Template parsed with new data 
Complete [/Users/ThePad/Documents/Sites/wp-snapshots/tmp/peakworthy_55d5541d5941c2193150820041421_installer.php] 
Added to archive 

******************************************************************************** 
INTEGRITY CHECKS: 
******************************************************************************** 
SQL File: 701.63KB 
Installer File: 317.7KB 
Archive File: 12.33MB  

********************************************************************************
RECORD ID:[1]
TOTAL PROCESS RUNTIME: 3.88 sec.
PEAK PHP MEMORY USED: 21.25MB
DONE PROCESSING => peakworthy 2015-08-20 04:16:10
 
